0 info it worked if it ends with ok
1 verbose cli [ 'C:\\Program Files\\nodejs\\node.exe',
1 verbose cli   'C:\\Program Files\\nodejs\\node_modules\\npm\\bin\\npm-cli.js',
1 verbose cli   'run',
1 verbose cli   'e2e' ]
2 info using npm@3.8.9
3 info using node@v6.2.0
4 verbose run-script [ 'pree2e', 'e2e', 'poste2e' ]
5 info lifecycle angular-quickstart@1.0.0~pree2e: angular-quickstart@1.0.0
6 verbose lifecycle angular-quickstart@1.0.0~pree2e: unsafe-perm in lifecycle true
7 verbose lifecycle angular-quickstart@1.0.0~pree2e: PATH: C:\Program Files\nodejs\node_modules\npm\bin\node-gyp-bin;D:\Ken\gitworkspace\my-proj\node_modules\.bin;C:\Program Files\nodejs;C:\Users\Meggie\bin;C:\Program Files\Git\mingw64\bin;C:\Program Files\Git\usr\local\bin;C:\Program Files\Git\usr\bin;C:\Program Files\Git\usr\bin;C:\Program Files\Git\mingw64\bin;C:\Program Files\Git\usr\bin;C:\Users\Meggie\bin;C:\Program Files\Common Files\Microsoft Shared\Windows Live;C:\Program Files (x86)\Common Files\Microsoft Shared\Windows Live;C:\windows\system32;C:\windows;C:\windows\System32\Wbem;C:\windows\System32\WindowsPowerShell\v1.0;C:\Program Files\Intel\WiFi\bin;C:\Program Files\Common Files\Intel\WirelessCommon;C:\Program Files (x86)\Common Files\Roxio Shared\DLLShared;C:\Program Files (x86)\Common Files\Roxio Shared\OEM\DLLShared;C:\Program Files (x86)\Common Files\Roxio Shared\OEM\DLLShared;C:\Program Files (x86)\Common Files\Roxio Shared\OEM\12.0\DLLShared;C:\Program Files (x86)\Roxio\OEM\AudioCore;C:\Program Files (x86)\Windows Live\Shared;C:\Program Files\nodejs;C:\Program Files\Git\cmd;C:\Users\Meggie\AppData\Roaming\npm;C:\Program Files\Git\usr\bin;C:\Program Files\Git\usr\bin\vendor_perl;C:\Program Files\Git\usr\bin\core_perl
8 verbose lifecycle angular-quickstart@1.0.0~pree2e: CWD: D:\Ken\gitworkspace\my-proj
9 silly lifecycle angular-quickstart@1.0.0~pree2e: Args: [ '/d /s /c', 'npm run webdriver:update' ]
10 silly lifecycle angular-quickstart@1.0.0~pree2e: Returned: code: 0  signal: null
11 info lifecycle angular-quickstart@1.0.0~e2e: angular-quickstart@1.0.0
12 verbose lifecycle angular-quickstart@1.0.0~e2e: unsafe-perm in lifecycle true
13 verbose lifecycle angular-quickstart@1.0.0~e2e: PATH: C:\Program Files\nodejs\node_modules\npm\bin\node-gyp-bin;D:\Ken\gitworkspace\my-proj\node_modules\.bin;C:\Program Files\nodejs;C:\Users\Meggie\bin;C:\Program Files\Git\mingw64\bin;C:\Program Files\Git\usr\local\bin;C:\Program Files\Git\usr\bin;C:\Program Files\Git\usr\bin;C:\Program Files\Git\mingw64\bin;C:\Program Files\Git\usr\bin;C:\Users\Meggie\bin;C:\Program Files\Common Files\Microsoft Shared\Windows Live;C:\Program Files (x86)\Common Files\Microsoft Shared\Windows Live;C:\windows\system32;C:\windows;C:\windows\System32\Wbem;C:\windows\System32\WindowsPowerShell\v1.0;C:\Program Files\Intel\WiFi\bin;C:\Program Files\Common Files\Intel\WirelessCommon;C:\Program Files (x86)\Common Files\Roxio Shared\DLLShared;C:\Program Files (x86)\Common Files\Roxio Shared\OEM\DLLShared;C:\Program Files (x86)\Common Files\Roxio Shared\OEM\DLLShared;C:\Program Files (x86)\Common Files\Roxio Shared\OEM\12.0\DLLShared;C:\Program Files (x86)\Roxio\OEM\AudioCore;C:\Program Files (x86)\Windows Live\Shared;C:\Program Files\nodejs;C:\Program Files\Git\cmd;C:\Users\Meggie\AppData\Roaming\npm;C:\Program Files\Git\usr\bin;C:\Program Files\Git\usr\bin\vendor_perl;C:\Program Files\Git\usr\bin\core_perl
14 verbose lifecycle angular-quickstart@1.0.0~e2e: CWD: D:\Ken\gitworkspace\my-proj
15 silly lifecycle angular-quickstart@1.0.0~e2e: Args: [ '/d /s /c',
15 silly lifecycle   'tsc && concurrently "http-server -s" "protractor protractor.config.js" --kill-others --success first' ]
16 silly lifecycle angular-quickstart@1.0.0~e2e: Returned: code: 1  signal: null
17 info lifecycle angular-quickstart@1.0.0~e2e: Failed to exec e2e script
18 verbose stack Error: angular-quickstart@1.0.0 e2e: `tsc && concurrently "http-server -s" "protractor protractor.config.js" --kill-others --success first`
18 verbose stack Exit status 1
18 verbose stack     at EventEmitter.<anonymous> (C:\Program Files\nodejs\node_modules\npm\lib\utils\lifecycle.js:245:16)
18 verbose stack     at emitTwo (events.js:106:13)
18 verbose stack     at EventEmitter.emit (events.js:191:7)
18 verbose stack     at ChildProcess.<anonymous> (C:\Program Files\nodejs\node_modules\npm\lib\utils\spawn.js:24:14)
18 verbose stack     at emitTwo (events.js:106:13)
18 verbose stack     at ChildProcess.emit (events.js:191:7)
18 verbose stack     at maybeClose (internal/child_process.js:850:16)
18 verbose stack     at Process.ChildProcess._handle.onexit (internal/child_process.js:215:5)
19 verbose pkgid angular-quickstart@1.0.0
20 verbose cwd D:\Ken\gitworkspace\my-proj
21 error Windows_NT 6.1.7601
22 error argv "C:\\Program Files\\nodejs\\node.exe" "C:\\Program Files\\nodejs\\node_modules\\npm\\bin\\npm-cli.js" "run" "e2e"
23 error node v6.2.0
24 error npm  v3.8.9
25 error code ELIFECYCLE
26 error angular-quickstart@1.0.0 e2e: `tsc && concurrently "http-server -s" "protractor protractor.config.js" --kill-others --success first`
26 error Exit status 1
27 error Failed at the angular-quickstart@1.0.0 e2e script 'tsc && concurrently "http-server -s" "protractor protractor.config.js" --kill-others --success first'.
27 error Make sure you have the latest version of node.js and npm installed.
27 error If you do, this is most likely a problem with the angular-quickstart package,
27 error not with npm itself.
27 error Tell the author that this fails on your system:
27 error     tsc && concurrently "http-server -s" "protractor protractor.config.js" --kill-others --success first
27 error You can get information on how to open an issue for this project with:
27 error     npm bugs angular-quickstart
27 error Or if that isn't available, you can get their info via:
27 error     npm owner ls angular-quickstart
27 error There is likely additional logging output above.
28 verbose exit [ 1, true ]
